<?xml version="1.0" encoding="UTF-8"?>
<!-- Generated by org.testng.reporters.JUnitXMLReporter -->
<testsuite hostname="LAPTOP-JUJF8RV2" ignored="0" name="Result" tests="18" failures="0" timestamp="05 May 2019 12:04:55 GMT" time="326.072" errors="0">
  <testcase name="runCreateLead" time="9.043" classname="week5.day1.homework.CreateLead"/>
  <testcase name="runCreateLead" time="8.634" classname="week5.day1.homework.CreateLead"/>
  <testcase name="runCreateLead" time="11.876" classname="week5.day1.homework.CreateLead"/>
  <testcase name="runCreateLead" time="9.813" classname="week5.day1.homework.CreateLead"/>
  <testcase name="runEdit" time="11.703" classname="week5.day1.homework.EditLead"/>
  <testcase name="runEdit" time="10.376" classname="week5.day1.homework.EditLead"/>
  <testcase name="runEdit" time="11.233" classname="week5.day1.homework.EditLead"/>
  <testcase name="runEdit" time="10.173" classname="week5.day1.homework.EditLead"/>
  <testcase name="runDelete" time="11.599" classname="week5.day1.homework.DeleteLead"/>
  <testcase name="runDelete" time="11.186" classname="week5.day1.homework.DeleteLead"/>
  <testcase name="runDuplicate" time="8.543" classname="week5.day1.homework.DuplicateLead"/>
  <testcase name="runDuplicate" time="9.272" classname="week5.day1.homework.DuplicateLead"/>
  <testcase name="runDuplicate" time="10.25" classname="week5.day1.homework.DuplicateLead"/>
  <testcase name="runDuplicate" time="9.056" classname="week5.day1.homework.DuplicateLead"/>
  <testcase name="runMerge" time="24.266" classname="week5.day1.homework.MergeLead"/>
  <testcase name="runMerge" time="23.611" classname="week5.day1.homework.MergeLead"/>
  <testcase name="runMerge" time="22.46" classname="week5.day1.homework.MergeLead"/>
  <testcase name="runMerge" time="23.214" classname="week5.day1.homework.MergeLead"/>
</testsuite> <!-- Result -->
