<?xml version="1.0" encoding="UTF-8"?>
<!-- Generated by org.testng.reporters.JUnitXMLReporter -->
<testsuite hostname="LAPTOP-JUJF8RV2" ignored="0" name="Test" tests="8" failures="0" timestamp="12 May 2019 15:07:37 GMT" time="117.215" errors="0">
  <testcase name="runCreateLead" time="4.577" classname="testngWorkings.CreateLead"/>
  <testcase name="runCreateLead" time="4.127" classname="testngWorkings.CreateLead"/>
  <testcase name="runEdit" time="8.638" classname="testngWorkings.EditLead"/>
  <testcase name="runEdit" time="9.434" classname="testngWorkings.EditLead"/>
  <testcase name="runMerge" time="19.04" classname="testngWorkings.MergeLead"/>
  <testcase name="runDuplicate" time="8.497" classname="testngWorkings.DuplicateLead"/>
  <testcase name="runDelete" time="11.488" classname="testngWorkings.DeleteLead"/>
  <testcase name="runDelete" time="10.858" classname="testngWorkings.DeleteLead"/>
</testsuite> <!-- Test -->
