<?xml version="1.0" encoding="UTF-8"?>
<!-- Generated by org.testng.reporters.JUnitXMLReporter -->
<testsuite hostname="LAPTOP-JUJF8RV2" ignored="0" name="Parlel" tests="5" failures="0" timestamp="04 May 2019 10:19:06 GMT" time="45.953" errors="0">
  <testcase name="runCreateLead" time="9.922" classname="week5.day1.CreateLead"/>
  <testcase name="runEdit" time="11.216" classname="week5.day1.EditLead"/>
  <testcase name="runDuplicate" time="9.773" classname="week5.day1.DuplicateLead"/>
  <testcase name="runMerge" time="25.272" classname="week5.day1.MergeLead"/>
  <testcase name="runDelete" time="10.554" classname="week5.day1.DeleteLead"/>
</testsuite> <!-- Parlel -->
