<?xml version="1.0" encoding="UTF-8"?>
<!-- Generated by org.testng.reporters.JUnitXMLReporter -->
<testsuite hostname="LAPTOP-JUJF8RV2" ignored="0" name="Sequantial" tests="5" failures="0" timestamp="04 May 2019 10:10:35 GMT" time="94.229" errors="0">
  <testcase name="runCreateLead" time="9.192" classname="week5.day1.CreateLead"/>
  <testcase name="runEdit" time="10.704" classname="week5.day1.EditLead"/>
  <testcase name="runDuplicate" time="11.98" classname="week5.day1.DuplicateLead"/>
  <testcase name="runDelete" time="11.367" classname="week5.day1.DeleteLead"/>
  <testcase name="runMerge" time="25.934" classname="week5.day1.MergeLead"/>
</testsuite> <!-- Sequantial -->
